0 info it worked if it ends with ok
1 verbose cli [ '/Users/caitlinflattery/.nvm/versions/node/v6.9.5/bin/node',
1 verbose cli   '/Users/caitlinflattery/.nvm/versions/node/v6.9.5/bin/npm',
1 verbose cli   'start' ]
2 info using npm@3.10.10
3 info using node@v6.9.5
4 verbose run-script [ 'prestart', 'start', 'poststart' ]
5 info lifecycle live-drawing@1.0.0~prestart: live-drawing@1.0.0
6 verbose lifecycle live-drawing@1.0.0~prestart: unsafe-perm in lifecycle true
7 verbose lifecycle live-drawing@1.0.0~prestart: PATH: /Users/caitlinflattery/.nvm/versions/node/v6.9.5/lib/node_modules/npm/bin/node-gyp-bin:/Users/caitlinflattery/Documents/TIY/live-drawing/node_modules/.bin:/Users/caitlinflattery/.nvm/versions/node/v6.9.5/bin:/Applications/MAMP/bin/php/php7.0.12/bin:/usr/local/bin:/usr/bin:/bin:/usr/sbin:/sbin:/Users/caitlinflattery/.rvm/bin
8 verbose lifecycle live-drawing@1.0.0~prestart: CWD: /Users/caitlinflattery/Documents/TIY/live-drawing
9 silly lifecycle live-drawing@1.0.0~prestart: Args: [ '-c', 'npm run build' ]
10 silly lifecycle live-drawing@1.0.0~prestart: Returned: code: 1  signal: null
11 info lifecycle live-drawing@1.0.0~prestart: Failed to exec prestart script
12 verbose stack Error: live-drawing@1.0.0 prestart: `npm run build`
12 verbose stack Exit status 1
12 verbose stack     at EventEmitter.<anonymous> (/Users/caitlinflattery/.nvm/versions/node/v6.9.5/lib/node_modules/npm/lib/utils/lifecycle.js:255:16)
12 verbose stack     at emitTwo (events.js:106:13)
12 verbose stack     at EventEmitter.emit (events.js:191:7)
12 verbose stack     at ChildProcess.<anonymous> (/Users/caitlinflattery/.nvm/versions/node/v6.9.5/lib/node_modules/npm/lib/utils/spawn.js:40:14)
12 verbose stack     at emitTwo (events.js:106:13)
12 verbose stack     at ChildProcess.emit (events.js:191:7)
12 verbose stack     at maybeClose (internal/child_process.js:877:16)
12 verbose stack     at Process.ChildProcess._handle.onexit (internal/child_process.js:226:5)
13 verbose pkgid live-drawing@1.0.0
14 verbose cwd /Users/caitlinflattery/Documents/TIY/live-drawing
15 error Darwin 16.4.0
16 error argv "/Users/caitlinflattery/.nvm/versions/node/v6.9.5/bin/node" "/Users/caitlinflattery/.nvm/versions/node/v6.9.5/bin/npm" "start"
17 error node v6.9.5
18 error npm  v3.10.10
19 error code ELIFECYCLE
20 error live-drawing@1.0.0 prestart: `npm run build`
20 error Exit status 1
21 error Failed at the live-drawing@1.0.0 prestart script 'npm run build'.
21 error Make sure you have the latest version of node.js and npm installed.
21 error If you do, this is most likely a problem with the live-drawing package,
21 error not with npm itself.
21 error Tell the author that this fails on your system:
21 error     npm run build
21 error You can get information on how to open an issue for this project with:
21 error     npm bugs live-drawing
21 error Or if that isn't available, you can get their info via:
21 error     npm owner ls live-drawing
21 error There is likely additional logging output above.
22 verbose exit [ 1, true ]
